<?xml version="1.0" encoding="UTF-8"?>
<!-- Generated by org.testng.reporters.JUnitXMLReporter -->
<testsuite ignored="0" hostname="NaveenDudhyal" failures="0" tests="2" name="Test" time="0.457" errors="0" timestamp="2024-09-01T00:38:06 IST">
  <testcase classname="com.opencart.testbase.BasePage" name="@BeforeMethod sinle_Testcase" time="-1.725131286258E9">
    <failure type="org.testng.TestNGException" message="
Parameter &amp;apos;os&amp;apos; is required by BeforeMethod on method sinle_Testcase but has not been marked @Optional or defined
in E:\N@veeN\Software Testing\Selenium\Selenium_Projects\OpenCartV2.2\testng.xml">
      <![CDATA[org.testng.TestNGException: 
Parameter 'os' is required by BeforeMethod on method sinle_Testcase but has not been marked @Optional or defined
in E:\N@veeN\Software Testing\Selenium\Selenium_Projects\OpenCartV2.2\testng.xml
at java.base/java.util.ArrayList.forEach(ArrayList.java:1597)
... Removed 28 stack frames]]>
    </failure>
  </testcase> <!-- @BeforeMethod sinle_Testcase -->
  <testcase classname="com.opencart.testbase.BasePage" name="@AfterMethod teardown" time="0.0">
    <skipped/>
  </testcase> <!-- @AfterMethod teardown -->
  <testcase classname="com.opencart.testbase.BasePage" name="@BeforeMethod sinle_Testcase" time="0.0">
    <skipped/>
  </testcase> <!-- @BeforeMethod sinle_Testcase -->
  <testcase classname="com.opencart.testbase.BasePage" name="@AfterMethod teardown" time="0.0">
    <skipped/>
  </testcase> <!-- @AfterMethod teardown -->
  <testcase classname="com.opencart.testcase.TestingPage2" name="testinggxcxzxc" time="0.0">
    <skipped/>
  </testcase> <!-- testinggxcxzxc -->
  <testcase classname="com.opencart.testcase.TestingPage2" name="testinggxcxzxc1" time="0.001">
    <skipped/>
  </testcase> <!-- testinggxcxzxc1 -->
</testsuite> <!-- Test -->
